app/build/intermediates/manifest_merge_blame_file/freeGoogleRelease/manifest-merger-blame-free-google-release-report.txt
1<?xml version="1.0" encoding="utf-8"?>
2<manifest xmlns:android="http://schemas.android.com/apk/res/android"
3    xmlns:dist="http://schemas.android.com/apk/distribution"
4    package="com.raywenderlich.podplay.evana"
5    android:versionCode="2"
6    android:versionName="1.0-free-google" >
7
8    <uses-sdk
9        android:minSdkVersion="23"
9-->src/main/AndroidManifest.xml
10        android:targetSdkVersion="30" />
10-->src/main/AndroidManifest.xml
11
12    <uses-permission android:name="android.permission.FOREGROUND_SERVICE" />
12-->src/main/AndroidManifest.xml:43:3-75
12-->src/main/AndroidManifest.xml:43:20-72
13    <uses-permission android:name="android.permission.WAKE_LOCK" />
13-->src/main/AndroidManifest.xml:44:3-66
13-->src/main/AndroidManifest.xml:44:20-63
14    <uses-permission android:name="android.permission.INTERNET" />
14-->src/main/AndroidManifest.xml:45:3-65
14-->src/main/AndroidManifest.xml:45:20-62
15
16    <queries>
16-->[androidx.media:media:1.3.1] AndroidManifest.xml:24:5-28:15
17        <intent>
17-->[androidx.media:media:1.3.1] AndroidManifest.xml:25:9-27:18
18            <action android:name="android.media.browse.MediaBrowserService" />
18-->src/main/AndroidManifest.xml:38:9-75
18-->src/main/AndroidManifest.xml:38:17-72
19        </intent>
20    </queries>
21
22    <uses-permission android:name="android.permission.ACCESS_NETWORK_STATE" />
22-->[androidx.work:work-runtime:2.5.0] AndroidManifest.xml:26:5-79
22-->[androidx.work:work-runtime:2.5.0] AndroidManifest.xml:26:22-76
23    <uses-permission android:name="android.permission.RECEIVE_BOOT_COMPLETED" />
23-->[androidx.work:work-runtime:2.5.0] AndroidManifest.xml:27:5-81
23-->[androidx.work:work-runtime:2.5.0] AndroidManifest.xml:27:22-78
24
25    <application
25-->src/main/AndroidManifest.xml:6:3-41:17
26        android:allowBackup="true"
26-->src/main/AndroidManifest.xml:7:5-31
27        android:appComponentFactory="androidx.core.app.CoreComponentFactory"
27-->[androidx.core:core:1.5.0] AndroidManifest.xml:24:18-86
28        android:extractNativeLibs="false"
29        android:icon="@mipmap/ic_launcher"
29-->src/main/AndroidManifest.xml:8:5-39
30        android:label="@string/app_name"
30-->src/main/AndroidManifest.xml:9:5-37
31        android:roundIcon="@mipmap/ic_launcher_round"
31-->src/main/AndroidManifest.xml:10:5-50
32        android:supportsRtl="true"
32-->src/main/AndroidManifest.xml:11:5-31
33        android:theme="@style/AppTheme"
33-->src/main/AndroidManifest.xml:12:5-36
34        android:usesCleartextTraffic="true" >
34-->src/main/AndroidManifest.xml:13:5-40
35        <activity
35-->src/main/AndroidManifest.xml:14:5-28:16
36            android:name="com.raywenderlich.podplay.ui.PodcastActivity"
36-->src/main/AndroidManifest.xml:15:7-41
37            android:launchMode="singleTop"
37-->src/main/AndroidManifest.xml:16:7-37
38            android:theme="@style/AppTheme.NoActionBar" >
38-->src/main/AndroidManifest.xml:17:7-50
39            <intent-filter>
39-->src/main/AndroidManifest.xml:18:7-23:23
40                <action android:name="android.intent.action.MAIN" />
40-->src/main/AndroidManifest.xml:19:9-61
40-->src/main/AndroidManifest.xml:19:17-58
41                <action android:name="android.intent.action.SEARCH" />
41-->src/main/AndroidManifest.xml:20:9-63
41-->src/main/AndroidManifest.xml:20:17-60
42
43                <category android:name="android.intent.category.LAUNCHER" />
43-->src/main/AndroidManifest.xml:22:9-69
43-->src/main/AndroidManifest.xml:22:19-66
44            </intent-filter>
45
46            <meta-data
46-->src/main/AndroidManifest.xml:25:7-27:46
47                android:name="android.app.searchable"
47-->src/main/AndroidManifest.xml:26:9-46
48                android:resource="@xml/searchable" />
48-->src/main/AndroidManifest.xml:27:9-43
49        </activity>
50
51        <receiver android:name="androidx.media.session.MediaButtonReceiver" >
51-->src/main/AndroidManifest.xml:30:5-34:16
51-->src/main/AndroidManifest.xml:30:15-72
52            <intent-filter>
52-->src/main/AndroidManifest.xml:31:7-33:23
53                <action android:name="android.intent.action.MEDIA_BUTTON" />
53-->src/main/AndroidManifest.xml:32:9-69
53-->src/main/AndroidManifest.xml:32:17-66
54            </intent-filter>
55        </receiver>
56
57        <service android:name="com.raywenderlich.podplay.service.PodplayMediaService" >
57-->src/main/AndroidManifest.xml:36:5-40:15
57-->src/main/AndroidManifest.xml:36:14-57
58            <intent-filter>
58-->src/main/AndroidManifest.xml:37:7-39:23
59                <action android:name="android.media.browse.MediaBrowserService" />
59-->src/main/AndroidManifest.xml:38:9-75
59-->src/main/AndroidManifest.xml:38:17-72
60            </intent-filter>
61        </service>
62
63        <provider
63-->[androidx.work:work-runtime:2.5.0] AndroidManifest.xml:31:9-37:35
64            android:name="androidx.work.impl.WorkManagerInitializer"
64-->[androidx.work:work-runtime:2.5.0] AndroidManifest.xml:32:13-69
65            android:authorities="com.raywenderlich.podplay.evana.workmanager-init"
65-->[androidx.work:work-runtime:2.5.0] AndroidManifest.xml:33:13-68
66            android:directBootAware="false"
66-->[androidx.work:work-runtime:2.5.0] AndroidManifest.xml:34:13-44
67            android:exported="false"
67-->[androidx.work:work-runtime:2.5.0] AndroidManifest.xml:35:13-37
68            android:multiprocess="true" />
68-->[androidx.work:work-runtime:2.5.0] AndroidManifest.xml:36:13-40
69
70        <service
70-->[androidx.work:work-runtime:2.5.0] AndroidManifest.xml:39:9-44:35
71            android:name="androidx.work.impl.background.systemalarm.SystemAlarmService"
71-->[androidx.work:work-runtime:2.5.0] AndroidManifest.xml:40:13-88
72            android:directBootAware="false"
72-->[androidx.work:work-runtime:2.5.0] AndroidManifest.xml:41:13-44
73            android:enabled="@bool/enable_system_alarm_service_default"
73-->[androidx.work:work-runtime:2.5.0] AndroidManifest.xml:42:13-72
74            android:exported="false" />
74-->[androidx.work:work-runtime:2.5.0] AndroidManifest.xml:43:13-37
75        <service
75-->[androidx.work:work-runtime:2.5.0] AndroidManifest.xml:45:9-51:35
76            android:name="androidx.work.impl.background.systemjob.SystemJobService"
76-->[androidx.work:work-runtime:2.5.0] AndroidManifest.xml:46:13-84
77            android:directBootAware="false"
77-->[androidx.work:work-runtime:2.5.0] AndroidManifest.xml:47:13-44
78            android:enabled="@bool/enable_system_job_service_default"
78-->[androidx.work:work-runtime:2.5.0] AndroidManifest.xml:48:13-70
79            android:exported="true"
79-->[androidx.work:work-runtime:2.5.0] AndroidManifest.xml:49:13-36
80            android:permission="android.permission.BIND_JOB_SERVICE" />
80-->[androidx.work:work-runtime:2.5.0] AndroidManifest.xml:50:13-69
81        <service
81-->[androidx.work:work-runtime:2.5.0] AndroidManifest.xml:52:9-57:35
82            android:name="androidx.work.impl.foreground.SystemForegroundService"
82-->[androidx.work:work-runtime:2.5.0] AndroidManifest.xml:53:13-81
83            android:directBootAware="false"
83-->[androidx.work:work-runtime:2.5.0] AndroidManifest.xml:54:13-44
84            android:enabled="@bool/enable_system_foreground_service_default"
84-->[androidx.work:work-runtime:2.5.0] AndroidManifest.xml:55:13-77
85            android:exported="false" />
85-->[androidx.work:work-runtime:2.5.0] AndroidManifest.xml:56:13-37
86
87        <receiver
87-->[androidx.work:work-runtime:2.5.0] AndroidManifest.xml:59:9-64:35
88            android:name="androidx.work.impl.utils.ForceStopRunnable$BroadcastReceiver"
88-->[androidx.work:work-runtime:2.5.0] AndroidManifest.xml:60:13-88
89            android:directBootAware="false"
89-->[androidx.work:work-runtime:2.5.0] AndroidManifest.xml:61:13-44
90            android:enabled="true"
90-->[androidx.work:work-runtime:2.5.0] AndroidManifest.xml:62:13-35
91            android:exported="false" />
91-->[androidx.work:work-runtime:2.5.0] AndroidManifest.xml:63:13-37
92        <receiver
92-->[androidx.work:work-runtime:2.5.0] AndroidManifest.xml:65:9-75:20
93            android:name="androidx.work.impl.background.systemalarm.ConstraintProxy$BatteryChargingProxy"
93-->[androidx.work:work-runtime:2.5.0] AndroidManifest.xml:66:13-106
94            android:directBootAware="false"
94-->[androidx.work:work-runtime:2.5.0] AndroidManifest.xml:67:13-44
95            android:enabled="false"
95-->[androidx.work:work-runtime:2.5.0] AndroidManifest.xml:68:13-36
96            android:exported="false" >
96-->[androidx.work:work-runtime:2.5.0] AndroidManifest.xml:69:13-37
97            <intent-filter>
97-->[androidx.work:work-runtime:2.5.0] AndroidManifest.xml:71:13-74:29
98                <action android:name="android.intent.action.ACTION_POWER_CONNECTED" />
98-->[androidx.work:work-runtime:2.5.0] AndroidManifest.xml:72:17-87
98-->[androidx.work:work-runtime:2.5.0] AndroidManifest.xml:72:25-84
99                <action android:name="android.intent.action.ACTION_POWER_DISCONNECTED" />
99-->[androidx.work:work-runtime:2.5.0] AndroidManifest.xml:73:17-90
99-->[androidx.work:work-runtime:2.5.0] AndroidManifest.xml:73:25-87
100            </intent-filter>
101        </receiver>
102        <receiver
102-->[androidx.work:work-runtime:2.5.0] AndroidManifest.xml:76:9-86:20
103            android:name="androidx.work.impl.background.systemalarm.ConstraintProxy$BatteryNotLowProxy"
103-->[androidx.work:work-runtime:2.5.0] AndroidManifest.xml:77:13-104
104            android:directBootAware="false"
104-->[androidx.work:work-runtime:2.5.0] AndroidManifest.xml:78:13-44
105            android:enabled="false"
105-->[androidx.work:work-runtime:2.5.0] AndroidManifest.xml:79:13-36
106            android:exported="false" >
106-->[androidx.work:work-runtime:2.5.0] AndroidManifest.xml:80:13-37
107            <intent-filter>
107-->[androidx.work:work-runtime:2.5.0] AndroidManifest.xml:82:13-85:29
108                <action android:name="android.intent.action.BATTERY_OKAY" />
108-->[androidx.work:work-runtime:2.5.0] AndroidManifest.xml:83:17-77
108-->[androidx.work:work-runtime:2.5.0] AndroidManifest.xml:83:25-74
109                <action android:name="android.intent.action.BATTERY_LOW" />
109-->[androidx.work:work-runtime:2.5.0] AndroidManifest.xml:84:17-76
109-->[androidx.work:work-runtime:2.5.0] AndroidManifest.xml:84:25-73
110            </intent-filter>
111        </receiver>
112        <receiver
112-->[androidx.work:work-runtime:2.5.0] AndroidManifest.xml:87:9-97:20
113            android:name="androidx.work.impl.background.systemalarm.ConstraintProxy$StorageNotLowProxy"
113-->[androidx.work:work-runtime:2.5.0] AndroidManifest.xml:88:13-104
114            android:directBootAware="false"
114-->[androidx.work:work-runtime:2.5.0] AndroidManifest.xml:89:13-44
115            android:enabled="false"
115-->[androidx.work:work-runtime:2.5.0] AndroidManifest.xml:90:13-36
116            android:exported="false" >
116-->[androidx.work:work-runtime:2.5.0] AndroidManifest.xml:91:13-37
117            <intent-filter>
117-->[androidx.work:work-runtime:2.5.0] AndroidManifest.xml:93:13-96:29
118                <action android:name="android.intent.action.DEVICE_STORAGE_LOW" />
118-->[androidx.work:work-runtime:2.5.0] AndroidManifest.xml:94:17-83
118-->[androidx.work:work-runtime:2.5.0] AndroidManifest.xml:94:25-80
119                <action android:name="android.intent.action.DEVICE_STORAGE_OK" />
119-->[androidx.work:work-runtime:2.5.0] AndroidManifest.xml:95:17-82
119-->[androidx.work:work-runtime:2.5.0] AndroidManifest.xml:95:25-79
120            </intent-filter>
121        </receiver>
122        <receiver
122-->[androidx.work:work-runtime:2.5.0] AndroidManifest.xml:98:9-107:20
123            android:name="androidx.work.impl.background.systemalarm.ConstraintProxy$NetworkStateProxy"
123-->[androidx.work:work-runtime:2.5.0] AndroidManifest.xml:99:13-103
124            android:directBootAware="false"
124-->[androidx.work:work-runtime:2.5.0] AndroidManifest.xml:100:13-44
125            android:enabled="false"
125-->[androidx.work:work-runtime:2.5.0] AndroidManifest.xml:101:13-36
126            android:exported="false" >
126-->[androidx.work:work-runtime:2.5.0] AndroidManifest.xml:102:13-37
127            <intent-filter>
127-->[androidx.work:work-runtime:2.5.0] AndroidManifest.xml:104:13-106:29
128                <action android:name="android.net.conn.CONNECTIVITY_CHANGE" />
128-->[androidx.work:work-runtime:2.5.0] AndroidManifest.xml:105:17-79
128-->[androidx.work:work-runtime:2.5.0] AndroidManifest.xml:105:25-76
129            </intent-filter>
130        </receiver>
131        <receiver
131-->[androidx.work:work-runtime:2.5.0] AndroidManifest.xml:108:9-119:20
132            android:name="androidx.work.impl.background.systemalarm.RescheduleReceiver"
132-->[androidx.work:work-runtime:2.5.0] AndroidManifest.xml:109:13-88
133            android:directBootAware="false"
133-->[androidx.work:work-runtime:2.5.0] AndroidManifest.xml:110:13-44
134            android:enabled="false"
134-->[androidx.work:work-runtime:2.5.0] AndroidManifest.xml:111:13-36
135            android:exported="false" >
135-->[androidx.work:work-runtime:2.5.0] AndroidManifest.xml:112:13-37
136            <intent-filter>
136-->[androidx.work:work-runtime:2.5.0] AndroidManifest.xml:114:13-118:29
137                <action android:name="android.intent.action.BOOT_COMPLETED" />
137-->[androidx.work:work-runtime:2.5.0] AndroidManifest.xml:115:17-79
137-->[androidx.work:work-runtime:2.5.0] AndroidManifest.xml:115:25-76
138                <action android:name="android.intent.action.TIME_SET" />
138-->[androidx.work:work-runtime:2.5.0] AndroidManifest.xml:116:17-73
138-->[androidx.work:work-runtime:2.5.0] AndroidManifest.xml:116:25-70
139                <action android:name="android.intent.action.TIMEZONE_CHANGED" />
139-->[androidx.work:work-runtime:2.5.0] AndroidManifest.xml:117:17-81
139-->[androidx.work:work-runtime:2.5.0] AndroidManifest.xml:117:25-78
140            </intent-filter>
141        </receiver>
142        <receiver
142-->[androidx.work:work-runtime:2.5.0] AndroidManifest.xml:120:9-129:20
143            android:name="androidx.work.impl.background.systemalarm.ConstraintProxyUpdateReceiver"
143-->[androidx.work:work-runtime:2.5.0] AndroidManifest.xml:121:13-99
144            android:directBootAware="false"
144-->[androidx.work:work-runtime:2.5.0] AndroidManifest.xml:122:13-44
145            android:enabled="@bool/enable_system_alarm_service_default"
145-->[androidx.work:work-runtime:2.5.0] AndroidManifest.xml:123:13-72
146            android:exported="false" >
146-->[androidx.work:work-runtime:2.5.0] AndroidManifest.xml:124:13-37
147            <intent-filter>
147-->[androidx.work:work-runtime:2.5.0] AndroidManifest.xml:126:13-128:29
148                <action android:name="androidx.work.impl.background.systemalarm.UpdateProxies" />
148-->[androidx.work:work-runtime:2.5.0] AndroidManifest.xml:127:17-98
148-->[androidx.work:work-runtime:2.5.0] AndroidManifest.xml:127:25-95
149            </intent-filter>
150        </receiver>
151        <receiver
151-->[androidx.work:work-runtime:2.5.0] AndroidManifest.xml:130:9-140:20
152            android:name="androidx.work.impl.diagnostics.DiagnosticsReceiver"
152-->[androidx.work:work-runtime:2.5.0] AndroidManifest.xml:131:13-78
153            android:directBootAware="false"
153-->[androidx.work:work-runtime:2.5.0] AndroidManifest.xml:132:13-44
154            android:enabled="true"
154-->[androidx.work:work-runtime:2.5.0] AndroidManifest.xml:133:13-35
155            android:exported="true"
155-->[androidx.work:work-runtime:2.5.0] AndroidManifest.xml:134:13-36
156            android:permission="android.permission.DUMP" >
156-->[androidx.work:work-runtime:2.5.0] AndroidManifest.xml:135:13-57
157            <intent-filter>
157-->[androidx.work:work-runtime:2.5.0] AndroidManifest.xml:137:13-139:29
158                <action android:name="androidx.work.diagnostics.REQUEST_DIAGNOSTICS" />
158-->[androidx.work:work-runtime:2.5.0] AndroidManifest.xml:138:17-88
158-->[androidx.work:work-runtime:2.5.0] AndroidManifest.xml:138:25-85
159            </intent-filter>
160        </receiver>
161
162        <service
162-->[androidx.room:room-runtime:2.3.0] AndroidManifest.xml:25:9-28:40
163            android:name="androidx.room.MultiInstanceInvalidationService"
163-->[androidx.room:room-runtime:2.3.0] AndroidManifest.xml:26:13-74
164            android:directBootAware="true"
164-->[androidx.room:room-runtime:2.3.0] AndroidManifest.xml:27:13-43
165            android:exported="false" /> <!-- The activities will be merged into the manifest of the hosting app. -->
165-->[androidx.room:room-runtime:2.3.0] AndroidManifest.xml:28:13-37
166        <activity
166-->[com.google.android.play:core:1.10.0] AndroidManifest.xml:12:5-271
167            android:name="com.google.android.play.core.missingsplits.PlayCoreMissingSplitsActivity"
167-->[com.google.android.play:core:1.10.0] AndroidManifest.xml:12:15-102
168            android:enabled="false"
168-->[com.google.android.play:core:1.10.0] AndroidManifest.xml:12:103-126
169            android:exported="false"
169-->[com.google.android.play:core:1.10.0] AndroidManifest.xml:12:127-151
170            android:launchMode="singleInstance"
170-->[com.google.android.play:core:1.10.0] AndroidManifest.xml:12:204-239
171            android:process=":playcore_missing_splits_activity"
171-->[com.google.android.play:core:1.10.0] AndroidManifest.xml:12:152-203
172            android:stateNotNeeded="true" />
172-->[com.google.android.play:core:1.10.0] AndroidManifest.xml:12:240-269
173        <activity
173-->[com.google.android.play:core:1.10.0] AndroidManifest.xml:13:5-226
174            android:name="com.google.android.play.core.common.PlayCoreDialogWrapperActivity"
174-->[com.google.android.play:core:1.10.0] AndroidManifest.xml:13:15-95
175            android:enabled="false"
175-->[com.google.android.play:core:1.10.0] AndroidManifest.xml:13:96-119
176            android:exported="false"
176-->[com.google.android.play:core:1.10.0] AndroidManifest.xml:13:120-144
177            android:stateNotNeeded="true"
177-->[com.google.android.play:core:1.10.0] AndroidManifest.xml:13:145-174
178            android:theme="@style/Theme.PlayCore.Transparent" /> <!-- The services will be merged into the manifest of the hosting app. -->
178-->[com.google.android.play:core:1.10.0] AndroidManifest.xml:13:175-224
179        <service
179-->[com.google.android.play:core:1.10.0] AndroidManifest.xml:16:5-18:15
180            android:name="com.google.android.play.core.assetpacks.AssetPackExtractionService"
180-->[com.google.android.play:core:1.10.0] AndroidManifest.xml:16:14-95
181            android:enabled="false"
181-->[com.google.android.play:core:1.10.0] AndroidManifest.xml:16:96-119
182            android:exported="true" >
182-->[com.google.android.play:core:1.10.0] AndroidManifest.xml:16:120-143
183            <meta-data
183-->[com.google.android.play:core:1.10.0] AndroidManifest.xml:17:7-108
184                android:name="com.google.android.play.core.assetpacks.versionCode"
184-->[com.google.android.play:core:1.10.0] AndroidManifest.xml:17:18-84
185                android:value="11000" />
185-->[com.google.android.play:core:1.10.0] AndroidManifest.xml:17:85-106
186        </service>
187        <service
187-->[com.google.android.play:core:1.10.0] AndroidManifest.xml:19:5-147
188            android:name="com.google.android.play.core.assetpacks.ExtractionForegroundService"
188-->[com.google.android.play:core:1.10.0] AndroidManifest.xml:19:14-96
189            android:enabled="false"
189-->[com.google.android.play:core:1.10.0] AndroidManifest.xml:19:97-120
190            android:exported="false" />
190-->[com.google.android.play:core:1.10.0] AndroidManifest.xml:19:121-145
191    </application>
192
193</manifest>